#
# There is insufficient memory for the Java Runtime Environment to continue.
# Native memory allocation (malloc) failed to allocate 1138736 bytes. Error detail: Chunk::new
# Possible reasons:
#   The system is out of physical RAM or swap space
#   This process is running with CompressedOops enabled, and the Java Heap may be blocking the growth of the native heap
# Possible solutions:
#   Reduce memory load on the system
#   Increase physical memory or swap space
#   Check if swap backing store is full
#   Decrease Java heap size (-Xmx/-Xms)
#   Decrease number of Java threads
#   Decrease Java thread stack sizes (-Xss)
#   Set larger code cache with -XX:ReservedCodeCacheSize=
#   JVM is running with Unscaled Compressed Oops mode in which the Java heap is
#     placed in the first 4GB address space. The Java Heap base address is the
#     maximum limit for the native heap growth. Please use -XX:HeapBaseMinAddress
#     to set the Java Heap base and to place the Java Heap above 4GB virtual address.
# This output file may be truncated or incomplete.
#
#  Out of Memory Error (arena.cpp:168), pid=23560, tid=5744
#
# JRE version: OpenJDK Runtime Environment Temurin-21.0.10+7 (21.0.10+7) (build 21.0.10+7-LTS)
# Java VM: OpenJDK 64-Bit Server VM Temurin-21.0.10+7 (21.0.10+7-LTS, mixed mode, sharing, tiered, compressed oops, compressed class ptrs, parallel gc, windows-amd64)
# No core dump will be written. Minidumps are not enabled by default on client versions of Windows
#

---------------  S U M M A R Y ------------

Command Line: --add-modules=ALL-SYSTEM --add-opens=java.base/java.util=ALL-UNNAMED --add-opens=java.base/java.lang=ALL-UNNAMED --add-opens=java.base/sun.nio.fs=ALL-UNNAMED -Declipse.application=org.eclipse.jdt.ls.core.id1 -Dosgi.bundles.defaultStartLevel=4 -Declipse.product=org.eclipse.jdt.ls.core.product -Djava.import.generatesMetadataFilesAtProjectRoot=false -DDetectVMInstallationsJob.disabled=true -Dfile.encoding=utf8 -XX:+UseParallelGC -XX:GCTimeRatio=4 -XX:AdaptiveSizePolicyWeight=90 -Dsun.zip.disableMemoryMapping=true -Xmx2G -Xms100m -Xlog:disable -javaagent:c:\Users\Bonif\.vscode\extensions\redhat.java-1.53.0-win32-x64\lombok\lombok-1.18.39-4050.jar -XX:+HeapDumpOnOutOfMemoryError -XX:HeapDumpPath=c:\Users\Bonif\AppData\Roaming\Code\User\workspaceStorage\12aa0550ef1c9ffd060db7530da9736f\redhat.java -Daether.dependencyCollector.impl=bf c:\Users\Bonif\.vscode\extensions\redhat.java-1.53.0-win32-x64\server\plugins\org.eclipse.equinox.launcher_1.7.100.v20251111-0406.jar -configuration c:\Users\Bonif\AppData\Roaming\Code\User\globalStorage\redhat.java\1.53.0\config_win -data c:\Users\Bonif\AppData\Roaming\Code\User\workspaceStorage\12aa0550ef1c9ffd060db7530da9736f\redhat.java\jdt_ws --pipe=\\.\pipe\lsp-8289f3b1d0da1a66279a56364e58f363-sock

Host: 13th Gen Intel(R) Core(TM) i5-1345U, 12 cores, 7G,  Windows 11 , 64 bit Build 26100 (10.0.26100.7920)
Time: Wed Mar 18 02:14:52 2026 South Africa Standard Time elapsed time: 6.220521 seconds (0d 0h 0m 6s)

---------------  T H R E A D  ---------------

Current thread (0x0000028bd58fafa0):  JavaThread "C2 CompilerThread0" daemon [_thread_in_native, id=5744, stack(0x000000a7f2e00000,0x000000a7f2f00000) (1024K)]


Current CompileTask:
C2:6220 4109       4       org.lombokweb.asm.ClassReader::readMethod (1070 bytes)

Stack: [0x000000a7f2e00000,0x000000a7f2f00000]
Native frames: (J=compiled Java code, j=interpreted, Vv=VM code, C=native code)
V  [jvm.dll+0x6d7a39]
V  [jvm.dll+0x8b4b26]
V  [jvm.dll+0x8b70de]
V  [jvm.dll+0x8b77c3]
V  [jvm.dll+0x284346]
V  [jvm.dll+0xc66ed]
V  [jvm.dll+0xc6c31]
V  [jvm.dll+0x3bec01]
V  [jvm.dll+0x38b162]
V  [jvm.dll+0x38a5aa]
V  [jvm.dll+0x24c560]
V  [jvm.dll+0x24bb40]
V  [jvm.dll+0x1cb34e]
V  [jvm.dll+0x25b85d]
V  [jvm.dll+0x259dea]
V  [jvm.dll+0x3f857e]
V  [jvm.dll+0x85f59d]
V  [jvm.dll+0x6d626d]
C  [ucrtbase.dll+0x37b0]
C  [KERNEL32.DLL+0x2e8d7]
C  [ntdll.dll+0x8c48c]


---------------  P R O C E S S  ---------------

Threads class SMR info:
_java_thread_list=0x0000028bf3dc13a0, length=22, elements={
0x0000028bd34653c0, 0x0000028bd58e7390, 0x0000028bd58eae90, 0x0000028bd58f01a0,
0x0000028bd58f3010, 0x0000028bd58f6880, 0x0000028bd58f6ef0, 0x0000028bd58fafa0,
0x0000028bed566b50, 0x0000028bed75bf20, 0x0000028bed87d410, 0x0000028bf3103600,
0x0000028bee9f8850, 0x0000028beeb32530, 0x0000028beeb36880, 0x0000028bf3853010,
0x0000028bf343ea70, 0x0000028bf3522de0, 0x0000028bf32bc4c0, 0x0000028bf32ba3f0,
0x0000028bf32b96d0, 0x0000028bf381e790
}

Java Threads: ( => current thread )
  0x0000028bd34653c0 JavaThread "main"                              [_thread_blocked, id=23040, stack(0x000000a7f2400000,0x000000a7f2500000) (1024K)]
  0x0000028bd58e7390 JavaThread "Reference Handler"          daemon [_thread_blocked, id=21792, stack(0x000000a7f2800000,0x000000a7f2900000) (1024K)]
  0x0000028bd58eae90 JavaThread "Finalizer"                  daemon [_thread_blocked, id=18928, stack(0x000000a7f2900000,0x000000a7f2a00000) (1024K)]
  0x0000028bd58f01a0 JavaThread "Signal Dispatcher"          daemon [_thread_blocked, id=22672, stack(0x000000a7f2a00000,0x000000a7f2b00000) (1024K)]
  0x0000028bd58f3010 JavaThread "Attach Listener"            daemon [_thread_blocked, id=24504, stack(0x000000a7f2b00000,0x000000a7f2c00000) (1024K)]
  0x0000028bd58f6880 JavaThread "Service Thread"             daemon [_thread_blocked, id=21388, stack(0x000000a7f2c00000,0x000000a7f2d00000) (1024K)]
  0x0000028bd58f6ef0 JavaThread "Monitor Deflation Thread"   daemon [_thread_blocked, id=24076, stack(0x000000a7f2d00000,0x000000a7f2e00000) (1024K)]
=>0x0000028bd58fafa0 JavaThread "C2 CompilerThread0"         daemon [_thread_in_native, id=5744, stack(0x000000a7f2e00000,0x000000a7f2f00000) (1024K)]
  0x0000028bed566b50 JavaThread "C1 CompilerThread0"         daemon [_thread_blocked, id=24120, stack(0x000000a7f2f00000,0x000000a7f3000000) (1024K)]
  0x0000028bed75bf20 JavaThread "Common-Cleaner"             daemon [_thread_blocked, id=23700, stack(0x000000a7f3000000,0x000000a7f3100000) (1024K)]
  0x0000028bed87d410 JavaThread "Notification Thread"        daemon [_thread_blocked, id=20456, stack(0x000000a7f3100000,0x000000a7f3200000) (1024K)]
  0x0000028bf3103600 JavaThread "Active Thread: Equinox Container: a63d98b3-fe05-4f75-9c1e-5141a238ba0c"        [_thread_blocked, id=16752, stack(0x000000a7f3a00000,0x000000a7f3b00000) (1024K)]
  0x0000028bee9f8850 JavaThread "Refresh Thread: Equinox Container: a63d98b3-fe05-4f75-9c1e-5141a238ba0c" daemon [_thread_blocked, id=10168, stack(0x000000a7f3c00000,0x000000a7f3d00000) (1024K)]
  0x0000028beeb32530 JavaThread "Framework Event Dispatcher: Equinox Container: a63d98b3-fe05-4f75-9c1e-5141a238ba0c" daemon [_thread_blocked, id=13372, stack(0x000000a7f3d00000,0x000000a7f3e00000) (1024K)]
  0x0000028beeb36880 JavaThread "Start Level: Equinox Container: a63d98b3-fe05-4f75-9c1e-5141a238ba0c" daemon [_thread_in_Java, id=20424, stack(0x000000a7f3e00000,0x000000a7f3f00000) (1024K)]
  0x0000028bf3853010 JavaThread "Bundle File Closer"         daemon [_thread_blocked, id=25580, stack(0x000000a7f4100000,0x000000a7f4200000) (1024K)]
  0x0000028bf343ea70 JavaThread "SCR Component Actor"        daemon [_thread_blocked, id=20004, stack(0x000000a7f3300000,0x000000a7f3400000) (1024K)]
  0x0000028bf3522de0 JavaThread "Worker-JM"                         [_thread_blocked, id=7608, stack(0x000000a7f4300000,0x000000a7f4400000) (1024K)]
  0x0000028bf32bc4c0 JavaThread "JNA Cleaner"                daemon [_thread_blocked, id=25472, stack(0x000000a7f3200000,0x000000a7f3300000) (1024K)]
  0x0000028bf32ba3f0 JavaThread "Worker-0"                          [_thread_blocked, id=5852, stack(0x000000a7f4200000,0x000000a7f4300000) (1024K)]
  0x0000028bf32b96d0 JavaThread "Worker-1"                          [_thread_blocked, id=1112, stack(0x000000a7f4400000,0x000000a7f4500000) (1024K)]
  0x0000028bf381e790 JavaThread "C2 CompilerThread1"         daemon [_thread_blocked, id=18640, stack(0x000000a7f4500000,0x000000a7f4600000) (1024K)]
Total: 22

Other Threads:
  0x0000028bed5410a0 VMThread "VM Thread"                           [id=9812, stack(0x000000a7f2700000,0x000000a7f2800000) (1024K)]
  0x0000028bd56cca00 WatcherThread "VM Periodic Task Thread"        [id=20184, stack(0x000000a7f2600000,0x000000a7f2700000) (1024K)]
  0x0000028bd5867050 WorkerThread "GC Thread#0"                     [id=23624, stack(0x000000a7f2500000,0x000000a7f2600000) (1024K)]
  0x0000028beebf4090 WorkerThread "GC Thread#1"                     [id=25016, stack(0x000000a7f3400000,0x000000a7f3500000) (1024K)]
  0x0000028beebf4440 WorkerThread "GC Thread#2"                     [id=22668, stack(0x000000a7f3500000,0x000000a7f3600000) (1024K)]
  0x0000028beebf47f0 WorkerThread "GC Thread#3"                     [id=14472, stack(0x000000a7f3600000,0x000000a7f3700000) (1024K)]
  0x0000028beec97550 WorkerThread "GC Thread#4"                     [id=22692, stack(0x000000a7f3700000,0x000000a7f3800000) (1024K)]
  0x0000028beec97900 WorkerThread "GC Thread#5"                     [id=19548, stack(0x000000a7f3800000,0x000000a7f3900000) (1024K)]
  0x0000028beea366a0 WorkerThread "GC Thread#6"                     [id=21288, stack(0x000000a7f3900000,0x000000a7f3a00000) (1024K)]
  0x0000028beea36a50 WorkerThread "GC Thread#7"                     [id=21172, stack(0x000000a7f3b00000,0x000000a7f3c00000) (1024K)]
  0x0000028beea35b90 WorkerThread "GC Thread#8"                     [id=23360, stack(0x000000a7f3f00000,0x000000a7f4000000) (1024K)]
  0x0000028beea35f40 WorkerThread "GC Thread#9"                     [id=5428, stack(0x000000a7f4000000,0x000000a7f4100000) (1024K)]
Total: 12

Threads with active compile tasks:
C2 CompilerThread0  6265 4109       4       org.lombokweb.asm.ClassReader::readMethod (1070 bytes)
C1 CompilerThread0  6265 4180 %     3       lombok.launch.PackageShader::apply @ 154 (252 bytes)
Total: 2

VM state: not at safepoint (normal execution)

VM Mutex/Monitor currently owned by a thread: None

Heap address: 0x0000000080000000, size: 2048 MB, Compressed Oops mode: 32-bit

CDS archive(s) mapped at: [0x0000028b80000000-0x0000028b80ba0000-0x0000028b80ba0000), size 12189696, SharedBaseAddress: 0x0000028b80000000, ArchiveRelocationMode: 1.
Compressed class space mapped at: 0x0000028b81000000-0x0000028bc1000000, reserved size: 1073741824
Narrow klass base: 0x0000028b80000000, Narrow klass shift: 0, Narrow klass range: 0x100000000

GC Precious Log:
 CardTable entry size: 512
 CPUs: 12 total, 12 available
 Memory: 7876M
 Large Page Support: Disabled
 NUMA Support: Disabled
 Compressed Oops: Enabled (32-bit)
 Alignments: Space 512K, Generation 512K, Heap 2M
 Heap Min Capacity: 100M
 Heap Initial Capacity: 100M
 Heap Max Capacity: 2G
 Pre-touch: Disabled
 Parallel Workers: 10

Heap:
 PSYoungGen      total 26112K, used 17084K [0x00000000d5580000, 0x00000000d7380000, 0x0000000100000000)
  eden space 23552K, 66% used [0x00000000d5580000,0x00000000d64d1400,0x00000000d6c80000)
  from space 2560K, 54% used [0x00000000d6f80000,0x00000000d70ddcb8,0x00000000d7200000)
  to   space 1536K, 0% used [0x00000000d7200000,0x00000000d7200000,0x00000000d7380000)
 ParOldGen       total 68608K, used 13326K [0x0000000080000000, 0x0000000084300000, 0x00000000d5580000)
  object space 68608K, 19% used [0x0000000080000000,0x0000000080d03b50,0x0000000084300000)
 Metaspace       used 27028K, committed 27968K, reserved 1114112K
  class space    used 2688K, committed 3072K, reserved 1048576K

Card table byte_map: [0x0000028bd51e0000,0x0000028bd55f0000] _byte_map_base: 0x0000028bd4de0000

Marking Bits: (ParMarkBitMap*) 0x00007ffaa06e3450
 Begin Bits: [0x0000028be7cf0000, 0x0000028be9cf0000)
 End Bits:   [0x0000028be9cf0000, 0x0000028bebcf0000)

Polling page: 0x0000028bd3600000

Metaspace:

Usage:
  Non-class:     23.77 MB used.
      Class:      2.63 MB used.
       Both:     26.39 MB used.

Virtual space:
  Non-class space:       64.00 MB reserved,      24.31 MB ( 38%) committed,  1 nodes.
      Class space:        1.00 GB reserved,       3.00 MB ( <1%) committed,  1 nodes.
             Both:        1.06 GB reserved,      27.31 MB (  3%) committed. 

Chunk freelists:
   Non-Class:  7.72 MB
       Class:  13.01 MB
        Both:  20.73 MB

MaxMetaspaceSize: unlimited
CompressedClassSpaceSize: 1.00 GB
Initial GC threshold: 21.00 MB
Current GC threshold: 35.00 MB
CDS: on
 - commit_granule_bytes: 65536.
 - commit_granule_words: 8192.
 - virtual_space_node_default_size: 8388608.
 - enlarge_chunks_in_place: 1.
 - use_allocation_guard: 0.


Internal statistics:

num_allocs_failed_limit: 3.
num_arena_births: 830.
num_arena_deaths: 14.
num_vsnodes_births: 2.
num_vsnodes_deaths: 0.
num_space_committed: 437.
num_space_uncommitted: 0.
num_chunks_returned_to_freelist: 17.
num_chunks_taken_from_freelist: 1980.
num_chunk_merges: 9.
num_chunk_splits: 1266.
num_chunks_enlarged: 727.
num_inconsistent_stats: 0.

CodeHeap 'non-profiled nmethods': size=120000Kb used=1888Kb max_used=1888Kb free=118111Kb
 bounds [0x0000028be0510000, 0x0000028be0780000, 0x0000028be7a40000]
CodeHeap 'profiled nmethods': size=120000Kb used=8747Kb max_used=8747Kb free=111253Kb
 bounds [0x0000028bd8a40000, 0x0000028bd92d0000, 0x0000028bdff70000]
CodeHeap 'non-nmethods': size=5760Kb used=1335Kb max_used=1355Kb free=4425Kb
 bounds [0x0000028bdff70000, 0x0000028be01e0000, 0x0000028be0510000]
CodeCache: size=245760Kb, used=11970Kb, max_used=11990Kb, free=233789Kb
 total_blobs=4802, nmethods=4177, adapters=531, full_count=0
Compilation: enabled, stopped_count=0, restarted_count=0

Compilation events (20 events):
Event: 6.039 Thread 0x0000028bed566b50 4166       3       org.eclipse.jdt.internal.core.JavaModelManager$VariablesAndContainersLoadHelper::loadPath (51 bytes)
Event: 6.039 Thread 0x0000028bed566b50 nmethod 4166 0x0000028bd92b3c90 code [0x0000028bd92b3ee0, 0x0000028bd92b47a8]
Event: 6.039 Thread 0x0000028bed566b50 4168       3       org.eclipse.core.runtime.Path::computeFlags (143 bytes)
Event: 6.040 Thread 0x0000028bf381e790 nmethod 4158 0x0000028be06e1f10 code [0x0000028be06e2100, 0x0000028be06e24a0]
Event: 6.040 Thread 0x0000028bf381e790 4165       4       java.io.DataInputStream::readUTF (501 bytes)
Event: 6.041 Thread 0x0000028bed566b50 nmethod 4168 0x0000028bd92b4a90 code [0x0000028bd92b4de0, 0x0000028bd92b64a0]
Event: 6.041 Thread 0x0000028bed566b50 4169  s    3       org.eclipse.core.internal.registry.RegistryObjectManager::add (49 bytes)
Event: 6.042 Thread 0x0000028bed566b50 nmethod 4169 0x0000028bd92b6c90 code [0x0000028bd92b6e60, 0x0000028bd92b73a0]
Event: 6.045 Thread 0x0000028bed566b50 4170       3       java.lang.reflect.Constructor::<init> (50 bytes)
Event: 6.045 Thread 0x0000028bed566b50 nmethod 4170 0x0000028bd92b7590 code [0x0000028bd92b7740, 0x0000028bd92b7a08]
Event: 6.095 Thread 0x0000028bf381e790 nmethod 4165 0x0000028be06e2910 code [0x0000028be06e2c60, 0x0000028be06e47a0]
Event: 6.118 Thread 0x0000028bed566b50 4171       3       org.eclipse.osgi.internal.debug.Debug::loaderWithPackage (35 bytes)
Event: 6.119 Thread 0x0000028bed566b50 nmethod 4171 0x0000028bd92b7b10 code [0x0000028bd92b7ce0, 0x0000028bd92b7fb8]
Event: 6.129 Thread 0x0000028bed566b50 4172       3       java.net.URLStreamHandler::parseURL (1124 bytes)
Event: 6.158 Thread 0x0000028bed566b50 nmethod 4172 0x0000028bd92b8090 code [0x0000028bd92b9420, 0x0000028bd92c5658]
Event: 6.197 Thread 0x0000028bf381e790 4173       4       lombok.launch.ClassFileMetaData::decodeString (181 bytes)
Event: 6.211 Thread 0x0000028bf381e790 nmethod 4173 0x0000028be06e5d10 code [0x0000028be06e5ee0, 0x0000028be06e6860]
Event: 6.214 Thread 0x0000028bf381e790 4174       4       lombok.launch.ClassFileMetaData::readValue (27 bytes)
Event: 6.215 Thread 0x0000028bf381e790 nmethod 4174 0x0000028be06e6d10 code [0x0000028be06e6ea0, 0x0000028be06e6fa8]
Event: 6.216 Thread 0x0000028bf381e790 4175       4       lombok.launch.PackageShader::readValue (21 bytes)

GC Heap History (20 events):
Event: 1.138 GC heap before
{Heap before GC invocations=1 (full 0):
 PSYoungGen      total 29696K, used 25600K [0x00000000d5580000, 0x00000000d7680000, 0x0000000100000000)
  eden space 25600K, 100% used [0x00000000d5580000,0x00000000d6e80000,0x00000000d6e80000)
  from space 4096K, 0% used [0x00000000d7280000,0x00000000d7280000,0x00000000d7680000)
  to   space 4096K, 0% used [0x00000000d6e80000,0x00000000d6e80000,0x00000000d7280000)
 ParOldGen       total 68608K, used 0K [0x0000000080000000, 0x0000000084300000, 0x00000000d5580000)
  object space 68608K, 0% used [0x0000000080000000,0x0000000080000000,0x0000000084300000)
 Metaspace       used 4345K, committed 4608K, reserved 1114112K
  class space    used 474K, committed 576K, reserved 1048576K
}
Event: 1.146 GC heap after
{Heap after GC invocations=1 (full 0):
 PSYoungGen      total 29696K, used 3303K [0x00000000d5580000, 0x00000000d7680000, 0x0000000100000000)
  eden space 25600K, 0% used [0x00000000d5580000,0x00000000d5580000,0x00000000d6e80000)
  from space 4096K, 80% used [0x00000000d6e80000,0x00000000d71b9e98,0x00000000d7280000)
  to   space 4096K, 0% used [0x00000000d7280000,0x00000000d7280000,0x00000000d7680000)
 ParOldGen       total 68608K, used 16K [0x0000000080000000, 0x0000000084300000, 0x00000000d5580000)
  object space 68608K, 0% used [0x0000000080000000,0x0000000080004000,0x0000000084300000)
 Metaspace       used 4345K, committed 4608K, reserved 1114112K
  class space    used 474K, committed 576K, reserved 1048576K
}
Event: 2.376 GC heap before
{Heap before GC invocations=2 (full 0):
 PSYoungGen      total 29696K, used 28903K [0x00000000d5580000, 0x00000000d7680000, 0x0000000100000000)
  eden space 25600K, 100% used [0x00000000d5580000,0x00000000d6e80000,0x00000000d6e80000)
  from space 4096K, 80% used [0x00000000d6e80000,0x00000000d71b9e98,0x00000000d7280000)
  to   space 4096K, 0% used [0x00000000d7280000,0x00000000d7280000,0x00000000d7680000)
 ParOldGen       total 68608K, used 16K [0x0000000080000000, 0x0000000084300000, 0x00000000d5580000)
  object space 68608K, 0% used [0x0000000080000000,0x0000000080004000,0x0000000084300000)
 Metaspace       used 7982K, committed 8256K, reserved 1114112K
  class space    used 829K, committed 960K, reserved 1048576K
}
Event: 2.385 GC heap after
{Heap after GC invocations=2 (full 0):
 PSYoungGen      total 29696K, used 4080K [0x00000000d5580000, 0x00000000d7680000, 0x0000000100000000)
  eden space 25600K, 0% used [0x00000000d5580000,0x00000000d5580000,0x00000000d6e80000)
  from space 4096K, 99% used [0x00000000d7280000,0x00000000d767c148,0x00000000d7680000)
  to   space 4096K, 0% used [0x00000000d6e80000,0x00000000d6e80000,0x00000000d7280000)
 ParOldGen       total 68608K, used 2029K [0x0000000080000000, 0x0000000084300000, 0x00000000d5580000)
  object space 68608K, 2% used [0x0000000080000000,0x00000000801fb7c0,0x0000000084300000)
 Metaspace       used 7982K, committed 8256K, reserved 1114112K
  class space    used 829K, committed 960K, reserved 1048576K
}
Event: 2.847 GC heap before
{Heap before GC invocations=3 (full 0):
 PSYoungGen      total 29696K, used 29680K [0x00000000d5580000, 0x00000000d7680000, 0x0000000100000000)
  eden space 25600K, 100% used [0x00000000d5580000,0x00000000d6e80000,0x00000000d6e80000)
  from space 4096K, 99% used [0x00000000d7280000,0x00000000d767c148,0x00000000d7680000)
  to   space 4096K, 0% used [0x00000000d6e80000,0x00000000d6e80000,0x00000000d7280000)
 ParOldGen       total 68608K, used 2029K [0x0000000080000000, 0x0000000084300000, 0x00000000d5580000)
  object space 68608K, 2% used [0x0000000080000000,0x00000000801fb7c0,0x0000000084300000)
 Metaspace       used 9416K, committed 9728K, reserved 1114112K
  class space    used 1004K, committed 1152K, reserved 1048576K
}
Event: 2.854 GC heap after
{Heap after GC invocations=3 (full 0):
 PSYoungGen      total 29696K, used 4089K [0x00000000d5580000, 0x00000000d7680000, 0x0000000100000000)
  eden space 25600K, 0% used [0x00000000d5580000,0x00000000d5580000,0x00000000d6e80000)
  from space 4096K, 99% used [0x00000000d6e80000,0x00000000d727e538,0x00000000d7280000)
  to   space 4096K, 0% used [0x00000000d7280000,0x00000000d7280000,0x00000000d7680000)
 ParOldGen       total 68608K, used 4943K [0x0000000080000000, 0x0000000084300000, 0x00000000d5580000)
  object space 68608K, 7% used [0x0000000080000000,0x00000000804d3ef0,0x0000000084300000)
 Metaspace       used 9416K, committed 9728K, reserved 1114112K
  class space    used 1004K, committed 1152K, reserved 1048576K
}
Event: 3.356 GC heap before
{Heap before GC invocations=4 (full 0):
 PSYoungGen      total 29696K, used 29689K [0x00000000d5580000, 0x00000000d7680000, 0x0000000100000000)
  eden space 25600K, 100% used [0x00000000d5580000,0x00000000d6e80000,0x00000000d6e80000)
  from space 4096K, 99% used [0x00000000d6e80000,0x00000000d727e538,0x00000000d7280000)
  to   space 4096K, 0% used [0x00000000d7280000,0x00000000d7280000,0x00000000d7680000)
 ParOldGen       total 68608K, used 4943K [0x0000000080000000, 0x0000000084300000, 0x00000000d5580000)
  object space 68608K, 7% used [0x0000000080000000,0x00000000804d3ef0,0x0000000084300000)
 Metaspace       used 11659K, committed 12032K, reserved 1114112K
  class space    used 1234K, committed 1408K, reserved 1048576K
}
Event: 3.362 GC heap after
{Heap after GC invocations=4 (full 0):
 PSYoungGen      total 29696K, used 4093K [0x00000000d5580000, 0x00000000d7680000, 0x0000000100000000)
  eden space 25600K, 0% used [0x00000000d5580000,0x00000000d5580000,0x00000000d6e80000)
  from space 4096K, 99% used [0x00000000d7280000,0x00000000d767f738,0x00000000d7680000)
  to   space 4096K, 0% used [0x00000000d6e80000,0x00000000d6e80000,0x00000000d7280000)
 ParOldGen       total 68608K, used 6678K [0x0000000080000000, 0x0000000084300000, 0x00000000d5580000)
  object space 68608K, 9% used [0x0000000080000000,0x0000000080685a18,0x0000000084300000)
 Metaspace       used 11659K, committed 12032K, reserved 1114112K
  class space    used 1234K, committed 1408K, reserved 1048576K
}
Event: 4.307 GC heap before
{Heap before GC invocations=5 (full 0):
 PSYoungGen      total 29696K, used 29693K [0x00000000d5580000, 0x00000000d7680000, 0x0000000100000000)
  eden space 25600K, 100% used [0x00000000d5580000,0x00000000d6e80000,0x00000000d6e80000)
  from space 4096K, 99% used [0x00000000d7280000,0x00000000d767f738,0x00000000d7680000)
  to   space 4096K, 0% used [0x00000000d6e80000,0x00000000d6e80000,0x00000000d7280000)
 ParOldGen       total 68608K, used 6678K [0x0000000080000000, 0x0000000084300000, 0x00000000d5580000)
  object space 68608K, 9% used [0x0000000080000000,0x0000000080685a18,0x0000000084300000)
 Metaspace       used 15673K, committed 16256K, reserved 1114112K
  class space    used 1625K, committed 1856K, reserved 1048576K
}
Event: 4.312 GC heap after
{Heap after GC invocations=5 (full 0):
 PSYoungGen      total 29184K, used 4069K [0x00000000d5580000, 0x00000000d7900000, 0x0000000100000000)
  eden space 25088K, 0% used [0x00000000d5580000,0x00000000d5580000,0x00000000d6e00000)
  from space 4096K, 99% used [0x00000000d6e80000,0x00000000d72796a0,0x00000000d7280000)
  to   space 5632K, 0% used [0x00000000d7380000,0x00000000d7380000,0x00000000d7900000)
 ParOldGen       total 68608K, used 7902K [0x0000000080000000, 0x0000000084300000, 0x00000000d5580000)
  object space 68608K, 11% used [0x0000000080000000,0x00000000807b7a18,0x0000000084300000)
 Metaspace       used 15673K, committed 16256K, reserved 1114112K
  class space    used 1625K, committed 1856K, reserved 1048576K
}
Event: 4.944 GC heap before
{Heap before GC invocations=6 (full 0):
 PSYoungGen      total 29184K, used 29157K [0x00000000d5580000, 0x00000000d7900000, 0x0000000100000000)
  eden space 25088K, 100% used [0x00000000d5580000,0x00000000d6e00000,0x00000000d6e00000)
  from space 4096K, 99% used [0x00000000d6e80000,0x00000000d72796a0,0x00000000d7280000)
  to   space 5632K, 0% used [0x00000000d7380000,0x00000000d7380000,0x00000000d7900000)
 ParOldGen       total 68608K, used 7902K [0x0000000080000000, 0x0000000084300000, 0x00000000d5580000)
  object space 68608K, 11% used [0x0000000080000000,0x00000000807b7a18,0x0000000084300000)
 Metaspace       used 18674K, committed 19520K, reserved 1114112K
  class space    used 1967K, committed 2304K, reserved 1048576K
}
Event: 4.948 GC heap after
{Heap after GC invocations=6 (full 0):
 PSYoungGen      total 29696K, used 4937K [0x00000000d5580000, 0x00000000d7880000, 0x0000000100000000)
  eden space 24576K, 0% used [0x00000000d5580000,0x00000000d5580000,0x00000000d6d80000)
  from space 5120K, 96% used [0x00000000d7380000,0x00000000d7852600,0x00000000d7880000)
  to   space 5120K, 0% used [0x00000000d6e80000,0x00000000d6e80000,0x00000000d7380000)
 ParOldGen       total 68608K, used 7910K [0x0000000080000000, 0x0000000084300000, 0x00000000d5580000)
  object space 68608K, 11% used [0x0000000080000000,0x00000000807b9a18,0x0000000084300000)
 Metaspace       used 18674K, committed 19520K, reserved 1114112K
  class space    used 1967K, committed 2304K, reserved 1048576K
}
Event: 5.184 GC heap before
{Heap before GC invocations=7 (full 0):
 PSYoungGen      total 29696K, used 23532K [0x00000000d5580000, 0x00000000d7880000, 0x0000000100000000)
  eden space 24576K, 75% used [0x00000000d5580000,0x00000000d67a8a80,0x00000000d6d80000)
  from space 5120K, 96% used [0x00000000d7380000,0x00000000d7852600,0x00000000d7880000)
  to   space 5120K, 0% used [0x00000000d6e80000,0x00000000d6e80000,0x00000000d7380000)
 ParOldGen       total 68608K, used 7910K [0x0000000080000000, 0x0000000084300000, 0x00000000d5580000)
  object space 68608K, 11% used [0x0000000080000000,0x00000000807b9a18,0x0000000084300000)
 Metaspace       used 20553K, committed 21504K, reserved 1114112K
  class space    used 2198K, committed 2624K, reserved 1048576K
}
Event: 5.191 GC heap after
{Heap after GC invocations=7 (full 0):
 PSYoungGen      total 29184K, used 4423K [0x00000000d5580000, 0x00000000d7780000, 0x0000000100000000)
  eden space 24576K, 0% used [0x00000000d5580000,0x00000000d5580000,0x00000000d6d80000)
  from space 4608K, 95% used [0x00000000d6e80000,0x00000000d72d1d40,0x00000000d7300000)
  to   space 4608K, 0% used [0x00000000d7300000,0x00000000d7300000,0x00000000d7780000)
 ParOldGen       total 68608K, used 9544K [0x0000000080000000, 0x0000000084300000, 0x00000000d5580000)
  object space 68608K, 13% used [0x0000000080000000,0x0000000080952300,0x0000000084300000)
 Metaspace       used 20553K, committed 21504K, reserved 1114112K
  class space    used 2198K, committed 2624K, reserved 1048576K
}
Event: 5.191 GC heap before
{Heap before GC invocations=8 (full 1):
 PSYoungGen      total 29184K, used 4423K [0x00000000d5580000, 0x00000000d7780000, 0x0000000100000000)
  eden space 24576K, 0% used [0x00000000d5580000,0x00000000d5580000,0x00000000d6d80000)
  from space 4608K, 95% used [0x00000000d6e80000,0x00000000d72d1d40,0x00000000d7300000)
  to   space 4608K, 0% used [0x00000000d7300000,0x00000000d7300000,0x00000000d7780000)
 ParOldGen       total 68608K, used 9544K [0x0000000080000000, 0x0000000084300000, 0x00000000d5580000)
  object space 68608K, 13% used [0x0000000080000000,0x0000000080952300,0x0000000084300000)
 Metaspace       used 20553K, committed 21504K, reserved 1114112K
  class space    used 2198K, committed 2624K, reserved 1048576K
}
Event: 5.228 GC heap after
{Heap after GC invocations=8 (full 1):
 PSYoungGen      total 29184K, used 0K [0x00000000d5580000, 0x00000000d7780000, 0x0000000100000000)
  eden space 24576K, 0% used [0x00000000d5580000,0x00000000d5580000,0x00000000d6d80000)
  from space 4608K, 0% used [0x00000000d6e80000,0x00000000d6e80000,0x00000000d7300000)
  to   space 4608K, 0% used [0x00000000d7300000,0x00000000d7300000,0x00000000d7780000)
 ParOldGen       total 68608K, used 13310K [0x0000000080000000, 0x0000000084300000, 0x00000000d5580000)
  object space 68608K, 19% used [0x0000000080000000,0x0000000080cffb50,0x0000000084300000)
 Metaspace       used 20540K, committed 21504K, reserved 1114112K
  class space    used 2194K, committed 2624K, reserved 1048576K
}
Event: 5.624 GC heap before
{Heap before GC invocations=9 (full 1):
 PSYoungGen      total 29184K, used 24576K [0x00000000d5580000, 0x00000000d7780000, 0x0000000100000000)
  eden space 24576K, 100% used [0x00000000d5580000,0x00000000d6d80000,0x00000000d6d80000)
  from space 4608K, 0% used [0x00000000d6e80000,0x00000000d6e80000,0x00000000d7300000)
  to   space 4608K, 0% used [0x00000000d7300000,0x00000000d7300000,0x00000000d7780000)
 ParOldGen       total 68608K, used 13310K [0x0000000080000000, 0x0000000084300000, 0x00000000d5580000)
  object space 68608K, 19% used [0x0000000080000000,0x0000000080cffb50,0x0000000084300000)
 Metaspace       used 22644K, committed 23616K, reserved 1114112K
  class space    used 2385K, committed 2816K, reserved 1048576K
}
Event: 5.627 GC heap after
{Heap after GC invocations=9 (full 1):
 PSYoungGen      total 25600K, used 1057K [0x00000000d5580000, 0x00000000d7480000, 0x0000000100000000)
  eden space 24064K, 0% used [0x00000000d5580000,0x00000000d5580000,0x00000000d6d00000)
  from space 1536K, 68% used [0x00000000d7300000,0x00000000d7408400,0x00000000d7480000)
  to   space 2560K, 0% used [0x00000000d6f80000,0x00000000d6f80000,0x00000000d7200000)
 ParOldGen       total 68608K, used 13318K [0x0000000080000000, 0x0000000084300000, 0x00000000d5580000)
  object space 68608K, 19% used [0x0000000080000000,0x0000000080d01b50,0x0000000084300000)
 Metaspace       used 22644K, committed 23616K, reserved 1114112K
  class space    used 2385K, committed 2816K, reserved 1048576K
}
Event: 5.963 GC heap before
{Heap before GC invocations=10 (full 1):
 PSYoungGen      total 25600K, used 25121K [0x00000000d5580000, 0x00000000d7480000, 0x0000000100000000)
  eden space 24064K, 100% used [0x00000000d5580000,0x00000000d6d00000,0x00000000d6d00000)
  from space 1536K, 68% used [0x00000000d7300000,0x00000000d7408400,0x00000000d7480000)
  to   space 2560K, 0% used [0x00000000d6f80000,0x00000000d6f80000,0x00000000d7200000)
 ParOldGen       total 68608K, used 13318K [0x0000000080000000, 0x0000000084300000, 0x00000000d5580000)
  object space 68608K, 19% used [0x0000000080000000,0x0000000080d01b50,0x0000000084300000)
 Metaspace       used 26271K, committed 27264K, reserved 1114112K
  class space    used 2644K, committed 3072K, reserved 1048576K
}
Event: 5.965 GC heap after
{Heap after GC invocations=10 (full 1):
 PSYoungGen      total 26112K, used 1399K [0x00000000d5580000, 0x00000000d7380000, 0x0000000100000000)
  eden space 23552K, 0% used [0x00000000d5580000,0x00000000d5580000,0x00000000d6c80000)
  from space 2560K, 54% used [0x00000000d6f80000,0x00000000d70ddcb8,0x00000000d7200000)
  to   space 1536K, 0% used [0x00000000d7200000,0x00000000d7200000,0x00000000d7380000)
 ParOldGen       total 68608K, used 13326K [0x0000000080000000, 0x0000000084300000, 0x00000000d5580000)
  object space 68608K, 19% used [0x0000000080000000,0x0000000080d03b50,0x0000000084300000)
 Metaspace       used 26271K, committed 27264K, reserved 1114112K
  class space    used 2644K, committed 3072K, reserved 1048576K
}

Dll operation events (10 events):
Event: 0.022 Loaded shared library c:\Users\Bonif\.vscode\extensions\redhat.java-1.53.0-win32-x64\jre\21.0.10-win32-x86_64\bin\java.dll
Event: 0.124 Loaded shared library c:\Users\Bonif\.vscode\extensions\redhat.java-1.53.0-win32-x64\jre\21.0.10-win32-x86_64\bin\zip.dll
Event: 0.156 Loaded shared library C:\Users\Bonif\.vscode\extensions\redhat.java-1.53.0-win32-x64\jre\21.0.10-win32-x86_64\bin\instrument.dll
Event: 0.165 Loaded shared library C:\Users\Bonif\.vscode\extensions\redhat.java-1.53.0-win32-x64\jre\21.0.10-win32-x86_64\bin\net.dll
Event: 0.170 Loaded shared library C:\Users\Bonif\.vscode\extensions\redhat.java-1.53.0-win32-x64\jre\21.0.10-win32-x86_64\bin\nio.dll
Event: 0.176 Loaded shared library C:\Users\Bonif\.vscode\extensions\redhat.java-1.53.0-win32-x64\jre\21.0.10-win32-x86_64\bin\zip.dll
Event: 0.206 Loaded shared library C:\Users\Bonif\.vscode\extensions\redhat.java-1.53.0-win32-x64\jre\21.0.10-win32-x86_64\bin\jimage.dll
Event: 0.416 Loaded shared library c:\Users\Bonif\.vscode\extensions\redhat.java-1.53.0-win32-x64\jre\21.0.10-win32-x86_64\bin\verify.dll
Event: 2.437 Loaded shared library C:\Users\Bonif\AppData\Roaming\Code\User\globalStorage\redhat.java\1.53.0\config_win\org.eclipse.equinox.launcher\org.eclipse.equinox.launcher.win32.win32.x86_64_1.3.0.v20260203-2149\eclipse_11919.dll
Event: 4.558 Loaded shared library C:\Users\Bonif\AppData\Local\Temp\jna-64368254\jna6844373117155239049.dll

Deoptimization events (20 events):
Event: 5.445 Thread 0x0000028beeb36880 Uncommon trap: trap_request=0xffffff45 fr.pc=0x0000028be06d4ba0 relative=0x00000000000008a0
Event: 5.445 Thread 0x0000028beeb36880 Uncommon trap: reason=unstable_if action=reinterpret pc=0x0000028be06d4ba0 method=org.lombokweb.asm.ClassReader.readUTF8(I[C)Ljava/lang/String; @ 11 c2
Event: 5.445 Thread 0x0000028beeb36880 DEOPT PACKING pc=0x0000028be06d4ba0 sp=0x000000a7f3ef3db0
Event: 5.445 Thread 0x0000028beeb36880 DEOPT UNPACKING pc=0x0000028bdffc3aa2 sp=0x000000a7f3ef3db8 mode 2
Event: 5.634 Thread 0x0000028beeb36880 DEOPT PACKING pc=0x0000028bd904a73e sp=0x000000a7f3ef96a0
Event: 5.634 Thread 0x0000028beeb36880 DEOPT UNPACKING pc=0x0000028bdffc4242 sp=0x000000a7f3ef8be0 mode 0
Event: 5.637 Thread 0x0000028beeb36880 DEOPT PACKING pc=0x0000028bd904a73e sp=0x000000a7f3ef96a0
Event: 5.637 Thread 0x0000028beeb36880 DEOPT UNPACKING pc=0x0000028bdffc4242 sp=0x000000a7f3ef8be0 mode 0
Event: 5.640 Thread 0x0000028beeb36880 DEOPT PACKING pc=0x0000028bd904a73e sp=0x000000a7f3ef96a0
Event: 5.640 Thread 0x0000028beeb36880 DEOPT UNPACKING pc=0x0000028bdffc4242 sp=0x000000a7f3ef8be0 mode 0
Event: 5.902 Thread 0x0000028beeb36880 Uncommon trap: trap_request=0xffffff45 fr.pc=0x0000028be06deeec relative=0x000000000000014c
Event: 5.902 Thread 0x0000028beeb36880 Uncommon trap: reason=unstable_if action=reinterpret pc=0x0000028be06deeec method=org.lombokweb.asm.ByteVector.putByteArray([BII)Lorg/lombokweb/asm/ByteVector; @ 20 c2
Event: 5.902 Thread 0x0000028beeb36880 DEOPT PACKING pc=0x0000028be06deeec sp=0x000000a7f3ef2bf0
Event: 5.902 Thread 0x0000028beeb36880 DEOPT UNPACKING pc=0x0000028bdffc3aa2 sp=0x000000a7f3ef2bc0 mode 2
Event: 6.034 Thread 0x0000028beeb36880 DEOPT PACKING pc=0x0000028bd904a73e sp=0x000000a7f3ef9d10
Event: 6.034 Thread 0x0000028beeb36880 DEOPT UNPACKING pc=0x0000028bdffc4242 sp=0x000000a7f3ef9250 mode 0
Event: 6.036 Thread 0x0000028beeb36880 DEOPT PACKING pc=0x0000028bd904a73e sp=0x000000a7f3ef9d10
Event: 6.036 Thread 0x0000028beeb36880 DEOPT UNPACKING pc=0x0000028bdffc4242 sp=0x000000a7f3ef9250 mode 0
Event: 6.040 Thread 0x0000028beeb36880 DEOPT PACKING pc=0x0000028bd904a73e sp=0x000000a7f3ef9960
Event: 6.040 Thread 0x0000028beeb36880 DEOPT UNPACKING pc=0x0000028bdffc4242 sp=0x000000a7f3ef8ea0 mode 0

Classes loaded (20 events):
Event: 5.470 Loading class java/util/zip/GZIPInputStream
Event: 5.471 Loading class java/util/zip/GZIPInputStream done
Event: 5.476 Loading class java/net/SocketTimeoutException
Event: 5.476 Loading class java/io/InterruptedIOException
Event: 5.476 Loading class java/io/InterruptedIOException done
Event: 5.477 Loading class java/net/SocketTimeoutException done
Event: 5.477 Loading class java/net/SocketException
Event: 5.477 Loading class java/net/SocketException done
Event: 5.477 Loading class java/net/UnknownHostException
Event: 5.477 Loading class java/net/UnknownHostException done
Event: 5.477 Loading class java/net/ProtocolException
Event: 5.477 Loading class java/net/ProtocolException done
Event: 5.511 Loading class java/lang/ThreadLocal$SuppliedThreadLocal
Event: 5.511 Loading class java/lang/ThreadLocal$SuppliedThreadLocal done
Event: 5.620 Loading class java/io/FileWriter
Event: 5.620 Loading class java/io/FileWriter done
Event: 5.622 Loading class java/lang/NegativeArraySizeException
Event: 5.622 Loading class java/lang/NegativeArraySizeException done
Event: 6.026 Loading class org/w3c/dom/DOMException
Event: 6.026 Loading class org/w3c/dom/DOMException done

Classes unloaded (7 events):
Event: 5.197 Thread 0x0000028bed5410a0 Unloading class 0x0000028b811a5400 'java/lang/invoke/LambdaForm$MH+0x0000028b811a5400'
Event: 5.197 Thread 0x0000028bed5410a0 Unloading class 0x0000028b811a5000 'java/lang/invoke/LambdaForm$MH+0x0000028b811a5000'
Event: 5.197 Thread 0x0000028bed5410a0 Unloading class 0x0000028b811a4c00 'java/lang/invoke/LambdaForm$MH+0x0000028b811a4c00'
Event: 5.197 Thread 0x0000028bed5410a0 Unloading class 0x0000028b811a4800 'java/lang/invoke/LambdaForm$MH+0x0000028b811a4800'
Event: 5.197 Thread 0x0000028bed5410a0 Unloading class 0x0000028b811a4400 'java/lang/invoke/LambdaForm$BMH+0x0000028b811a4400'
Event: 5.197 Thread 0x0000028bed5410a0 Unloading class 0x0000028b811a4000 'java/lang/invoke/LambdaForm$DMH+0x0000028b811a4000'
Event: 5.197 Thread 0x0000028bed5410a0 Unloading class 0x0000028b811a2c00 'java/lang/invoke/LambdaForm$DMH+0x0000028b811a2c00'

Classes redefined (0 events):
No events

Internal exceptions (20 events):
Event: 5.140 Thread 0x0000028beeb36880 Exception <a 'java/lang/NoSuchMethodError'{0x00000000d6623cd8}: 'java.lang.Object java.lang.invoke.Invokers$Holder.invoke_MT(java.lang.Object, java.lang.Object, java.lang.Object, java.lang.Object, java.lang.Object, java.lang.Object, java.lang.Object, java.lang.Object, java.lang.Object)'> (0x00000000d6623cd8) 
thrown [s\src\hotspot\share\interpreter\linkResolver.cpp, line 773]
Event: 5.143 Thread 0x0000028beeb36880 Exception <a 'java/lang/NoSuchMethodError'{0x00000000d6658bd0}: 'int java.lang.invoke.DirectMethodHandle$Holder.invokeVirtual(java.lang.Object, java.lang.Object, java.lang.Object)'> (0x00000000d6658bd0) 
thrown [s\src\hotspot\share\interpreter\linkResolver.cpp, line 773]
Event: 5.143 Thread 0x0000028beeb36880 Exception <a 'java/lang/NoSuchMethodError'{0x00000000d665db68}: 'int java.lang.invoke.DirectMethodHandle$Holder.invokeStaticInit(java.lang.Object, int, int)'> (0x00000000d665db68) 
thrown [s\src\hotspot\share\interpreter\linkResolver.cpp, line 773]
Event: 5.143 Thread 0x0000028beeb36880 Exception <a 'java/lang/NoSuchMethodError'{0x00000000d6665ef0}: 'int java.lang.invoke.DirectMethodHandle$Holder.invokeStaticInit(java.lang.Object, long, long)'> (0x00000000d6665ef0) 
thrown [s\src\hotspot\share\interpreter\linkResolver.cpp, line 773]
Event: 5.144 Thread 0x0000028beeb36880 Exception <a 'java/lang/NoSuchMethodError'{0x00000000d666daf8}: 'int java.lang.invoke.DirectMethodHandle$Holder.invokeStaticInit(java.lang.Object, float, float)'> (0x00000000d666daf8) 
thrown [s\src\hotspot\share\interpreter\linkResolver.cpp, line 773]
Event: 5.144 Thread 0x0000028beeb36880 Exception <a 'java/lang/NoSuchMethodError'{0x00000000d66754a8}: 'int java.lang.invoke.DirectMethodHandle$Holder.invokeStaticInit(java.lang.Object, double, double)'> (0x00000000d66754a8) 
thrown [s\src\hotspot\share\interpreter\linkResolver.cpp, line 773]
Event: 5.145 Thread 0x0000028beeb36880 Exception <a 'java/lang/NoSuchMethodError'{0x00000000d667a8c0}: 'int java.lang.invoke.DirectMethodHandle$Holder.invokeStatic(java.lang.Object, long)'> (0x00000000d667a8c0) 
thrown [s\src\hotspot\share\interpreter\linkResolver.cpp, line 773]
Event: 5.147 Thread 0x0000028beeb36880 Exception <a 'java/lang/NoSuchMethodError'{0x00000000d66995a8}: 'int java.lang.invoke.Invokers$Holder.linkToTargetMethod(java.lang.Object, java.lang.Object)'> (0x00000000d66995a8) 
thrown [s\src\hotspot\share\interpreter\linkResolver.cpp, line 773]
Event: 5.236 Thread 0x0000028beeb36880 Exception <a 'java/lang/NoSuchMethodError'{0x00000000d55a4990}: 'java.lang.Object java.lang.invoke.Invokers$Holder.invoke_MT(java.lang.Object, java.lang.Object, java.lang.Object, java.lang.Object, java.lang.Object, java.lang.Object, java.lang.Object, java.lang.Object, java.lang.Object, java.lang.Object, java.lang.Object)'> (0x00000000d55a4990) 
thrown [s\src\hotspot\share\interpreter\linkResolver.cpp, line 773]
Event: 5.254 Thread 0x0000028beeb36880 Exception <a 'java/lang/NoSuchMethodError'{0x00000000d5631118}: 'java.lang.Object java.lang.invoke.Invokers$Holder.invoke_MT(java.lang.Object, java.lang.Object, java.lang.Object, java.lang.Object, java.lang.Object, java.lang.Object, java.lang.Object, java.lang.Object, java.lang.Object, java.lang.Object)'> (0x00000000d5631118) 
thrown [s\src\hotspot\share\interpreter\linkResolver.cpp, line 773]
Event: 5.283 Thread 0x0000028beeb36880 Exception <a 'java/lang/NoSuchMethodError'{0x00000000d56dc4a8}: 'java.lang.Object java.lang.invoke.DirectMethodHandle$Holder.newInvokeSpecial(java.lang.Object, java.lang.Object, java.lang.Object, java.lang.Object, java.lang.Object, java.lang.Object, java.lang.Object)'> (0x00000000d56dc4a8) 
thrown [s\src\hotspot\share\interpreter\linkResolver.cpp, line 773]
Event: 5.295 Thread 0x0000028beeb36880 Exception <a 'java/lang/NoSuchMethodError'{0x00000000d5754648}: 'java.lang.Object java.lang.invoke.Invokers$Holder.invoker(java.lang.Object, java.lang.Object, java.lang.Object, java.lang.Object, java.lang.Object, java.lang.Object, java.lang.Object, java.lang.Object, java.lang.Object, java.lang.Object, java.lang.Object, java.lang.Object, java.lang.Object)'> (0x00000000d5754648) 
thrown [s\src\hotspot\share\interpreter\linkResolver.cpp, line 773]
Event: 5.296 Thread 0x0000028beeb36880 Exception <a 'java/lang/NoSuchMethodError'{0x00000000d575eae0}: 'java.lang.Object java.lang.invoke.DelegatingMethodHandle$Holder.delegate(java.lang.Object, java.lang.Object, java.lang.Object, java.lang.Object, java.lang.Object, java.lang.Object, java.lang.Object, java.lang.Object, java.lang.Object, java.lang.Object, java.lang.Object, java.lang.Object, java.lang.Object)'> (0x00000000d575eae0) 
thrown [s\src\hotspot\share\interpreter\linkResolver.cpp, line 773]
Event: 5.304 Thread 0x0000028beeb36880 Exception <a 'java/lang/NoSuchMethodError'{0x00000000d57ca8f8}: static Lorg/eclipse/m2e/core/internal/lifecyclemapping/model/PluginExecutionMetadata;.<clinit>()V> (0x00000000d57ca8f8) 
thrown [s\src\hotspot\share\prims\jni.cpp, line 1111]
Event: 5.311 Thread 0x0000028beeb36880 Exception <a 'java/lang/NoSuchMethodError'{0x00000000d582a700}: static Lorg/eclipse/m2e/core/internal/lifecyclemapping/model/PluginExecutionFilter;.<clinit>()V> (0x00000000d582a700) 
thrown [s\src\hotspot\share\prims\jni.cpp, line 1111]
Event: 5.323 Thread 0x0000028beeb36880 Exception <a 'java/lang/NoSuchMethodError'{0x00000000d585a108}: static Lorg/eclipse/m2e/core/internal/project/registry/MavenProjectFacade$MavenProjectConfiguration;.<clinit>()V> (0x00000000d585a108) 
thrown [s\src\hotspot\share\prims\jni.cpp, line 1111]
Event: 5.404 Thread 0x0000028beeb36880 Exception <a 'java/lang/NoSuchMethodError'{0x00000000d5ccdc58}: 'double java.lang.invoke.DirectMethodHandle$Holder.invokeStatic(java.lang.Object, java.lang.Object)'> (0x00000000d5ccdc58) 
thrown [s\src\hotspot\share\interpreter\linkResolver.cpp, line 773]
Event: 5.405 Thread 0x0000028beeb36880 Exception <a 'java/lang/NoSuchMethodError'{0x00000000d5cd1318}: 'double java.lang.invoke.DirectMethodHandle$Holder.invokeStaticInit(java.lang.Object, java.lang.Object)'> (0x00000000d5cd1318) 
thrown [s\src\hotspot\share\interpreter\linkResolver.cpp, line 773]
Event: 5.902 Thread 0x0000028beeb36880 Implicit null exception at 0x0000028be06dedf5 to 0x0000028be06deed0
Event: 6.008 Thread 0x0000028beeb36880 Exception <a 'java/lang/NoSuchMethodError'{0x00000000d6280648}: 'java.lang.Object java.lang.invoke.DirectMethodHandle$Holder.newInvokeSpecial(java.lang.Object, int, java.lang.Object, java.lang.Object)'> (0x00000000d6280648) 
thrown [s\src\hotspot\share\interpreter\linkResolver.cpp, line 773]

ZGC Phase Switch (0 events):
No events

VM Operations (20 events):
Event: 4.569 Executing non-safepoint VM operation: HandshakeAllThreads (Deoptimize)
Event: 4.569 Executing non-safepoint VM operation: HandshakeAllThreads (Deoptimize) done
Event: 4.754 Executing non-safepoint VM operation: HandshakeAllThreads (Deoptimize)
Event: 4.754 Executing non-safepoint VM operation: HandshakeAllThreads (Deoptimize) done
Event: 4.805 Executing non-safepoint VM operation: HandshakeAllThreads (Deoptimize)
Event: 4.805 Executing non-safepoint VM operation: HandshakeAllThreads (Deoptimize) done
Event: 4.812 Executing non-safepoint VM operation: HandshakeAllThreads (Deoptimize)
Event: 4.812 Executing non-safepoint VM operation: HandshakeAllThreads (Deoptimize) done
Event: 4.864 Executing safepoint VM operation: ICBufferFull
Event: 4.865 Executing safepoint VM operation: ICBufferFull done
Event: 4.944 Executing safepoint VM operation: ParallelGCFailedAllocation (Allocation Failure)
Event: 4.949 Executing safepoint VM operation: ParallelGCFailedAllocation (Allocation Failure) done
Event: 5.131 Executing non-safepoint VM operation: HandshakeAllThreads (Deoptimize)
Event: 5.131 Executing non-safepoint VM operation: HandshakeAllThreads (Deoptimize) done
Event: 5.184 Executing safepoint VM operation: CollectForMetadataAllocation (Metadata GC Threshold)
Event: 5.228 Executing safepoint VM operation: CollectForMetadataAllocation (Metadata GC Threshold) done
Event: 5.624 Executing safepoint VM operation: ParallelGCFailedAllocation (Allocation Failure)
Event: 5.627 Executing safepoint VM operation: ParallelGCFailedAllocation (Allocation Failure) done
Event: 5.963 Executing safepoint VM operation: ParallelGCFailedAllocation (Allocation Failure)
Event: 5.965 Executing safepoint VM operation: ParallelGCFailedAllocation (Allocation Failure) done

Memory protections (0 events):
No events

Nmethod flushes (0 events):
No events

Events (20 events):
Event: 0.637 Thread 0x0000028bd34653c0 Thread added: 0x0000028bed87d410
Event: 0.682 Thread 0x0000028bed566b50 Thread added: 0x0000028bed7e0710
Event: 0.770 Thread 0x0000028bed566b50 Thread added: 0x0000028bee6318e0
Event: 2.026 Thread 0x0000028bd34653c0 Thread added: 0x0000028bf3103600
Event: 2.427 Thread 0x0000028bd34653c0 Thread added: 0x0000028bee9f8850
Event: 2.469 Thread 0x0000028bee9f8850 Thread added: 0x0000028beeb32530
Event: 2.472 Thread 0x0000028bd34653c0 Thread added: 0x0000028beeb36880
Event: 2.927 Thread 0x0000028beeb36880 Thread added: 0x0000028bf3853010
Event: 3.013 Thread 0x0000028bee6318e0 Thread exited: 0x0000028bee6318e0
Event: 3.314 Thread 0x0000028beeb36880 Thread added: 0x0000028bf343ea70
Event: 3.424 Thread 0x0000028bed566b50 Thread added: 0x0000028bf3624140
Event: 3.816 Thread 0x0000028beeb36880 Thread added: 0x0000028bf3522de0
Event: 3.874 Thread 0x0000028bf3624140 Thread exited: 0x0000028bf3624140
Event: 3.889 Thread 0x0000028bed7e0710 Thread exited: 0x0000028bed7e0710
Event: 4.595 Thread 0x0000028beeb36880 Thread added: 0x0000028bf32bc4c0
Event: 4.640 Thread 0x0000028beeb36880 Thread added: 0x0000028bf32ba3f0
Event: 4.679 Thread 0x0000028beeb36880 Thread added: 0x0000028bf32b96d0
Event: 4.766 Thread 0x0000028bed566b50 Thread added: 0x0000028bf39227c0
Event: 5.694 Thread 0x0000028bf39227c0 Thread exited: 0x0000028bf39227c0
Event: 6.009 Thread 0x0000028bed566b50 Thread added: 0x0000028bf381e790


Dynamic libraries:
0x00007ff720e80000 - 0x00007ff720e8e000 	c:\Users\Bonif\.vscode\extensions\redhat.java-1.53.0-win32-x64\jre\21.0.10-win32-x86_64\bin\java.exe
0x00007ffba3340000 - 0x00007ffba35a7000 	C:\Windows\SYSTEM32\ntdll.dll
0x00007ffba2860000 - 0x00007ffba2929000 	C:\Windows\System32\KERNEL32.DLL
0x00007ffb9fc20000 - 0x00007ffba0011000 	C:\Windows\System32\KERNELBASE.dll
0x00007ffb9cc50000 - 0x00007ffb9ccef000 	C:\Windows\SYSTEM32\apphelp.dll
0x00007ffba02d0000 - 0x00007ffba041b000 	C:\Windows\System32\ucrtbase.dll
0x00007ffb80e30000 - 0x00007ffb80e48000 	c:\Users\Bonif\.vscode\extensions\redhat.java-1.53.0-win32-x64\jre\21.0.10-win32-x86_64\bin\jli.dll
0x00007ffba13b0000 - 0x00007ffba1575000 	C:\Windows\System32\USER32.dll
0x00007ffba0dc0000 - 0x00007ffba0de7000 	C:\Windows\System32\win32u.dll
0x00007ffba2720000 - 0x00007ffba274b000 	C:\Windows\System32\GDI32.dll
0x00007ffba0c90000 - 0x00007ffba0dbb000 	C:\Windows\System32\gdi32full.dll
0x00007ffba00d0000 - 0x00007ffba0173000 	C:\Windows\System32\msvcp_win.dll
0x00007ffb80e10000 - 0x00007ffb80e2e000 	c:\Users\Bonif\.vscode\extensions\redhat.java-1.53.0-win32-x64\jre\21.0.10-win32-x86_64\bin\VCRUNTIME140.dll
0x00007ffb80710000 - 0x00007ffb809a3000 	C:\Windows\WinSxS\amd64_microsoft.windows.common-controls_6595b64144ccf1df_6.0.26100.8037_none_3e092faae333b53b\COMCTL32.dll
0x00007ffba1a80000 - 0x00007ffba1b29000 	C:\Windows\System32\msvcrt.dll
0x00007ffba2f40000 - 0x00007ffba2f71000 	C:\Windows\System32\IMM32.DLL
0x00007ffb8c970000 - 0x00007ffb8c97c000 	c:\Users\Bonif\.vscode\extensions\redhat.java-1.53.0-win32-x64\jre\21.0.10-win32-x86_64\bin\vcruntime140_1.dll
0x00007ffb51d90000 - 0x00007ffb51e1d000 	c:\Users\Bonif\.vscode\extensions\redhat.java-1.53.0-win32-x64\jre\21.0.10-win32-x86_64\bin\msvcp140.dll
0x00007ffa9fa20000 - 0x00007ffaa07c1000 	c:\Users\Bonif\.vscode\extensions\redhat.java-1.53.0-win32-x64\jre\21.0.10-win32-x86_64\bin\server\jvm.dll
0x00007ffba30e0000 - 0x00007ffba319b000 	C:\Windows\System32\ADVAPI32.dll
0x00007ffba2a00000 - 0x00007ffba2aa7000 	C:\Windows\System32\sechost.dll
0x00007ffba1240000 - 0x00007ffba1358000 	C:\Windows\System32\RPCRT4.dll
0x00007ffba26a0000 - 0x00007ffba2714000 	C:\Windows\System32\WS2_32.dll
0x00007ffb9dc80000 - 0x00007ffb9dcb5000 	C:\Windows\SYSTEM32\WINMM.dll
0x00007ffb83ac0000 - 0x00007ffb83acb000 	C:\Windows\SYSTEM32\VERSION.dll
0x00007ffb9faa0000 - 0x00007ffb9fafe000 	C:\Windows\SYSTEM32\POWRPROF.dll
0x00007ffb9fa80000 - 0x00007ffb9fa94000 	C:\Windows\SYSTEM32\UMPDC.dll
0x00007ffb9e970000 - 0x00007ffb9e98b000 	C:\Windows\SYSTEM32\kernel.appcore.dll
0x00007ffb84840000 - 0x00007ffb8484a000 	c:\Users\Bonif\.vscode\extensions\redhat.java-1.53.0-win32-x64\jre\21.0.10-win32-x86_64\bin\jimage.dll
0x00007ffb9d9b0000 - 0x00007ffb9dbf2000 	C:\Windows\SYSTEM32\DBGHELP.DLL
0x00007ffba1580000 - 0x00007ffba1902000 	C:\Windows\System32\combase.dll
0x00007ffba1910000 - 0x00007ffba19e7000 	C:\Windows\System32\OLEAUT32.dll
0x00007ffb9dc40000 - 0x00007ffb9dc7b000 	C:\Windows\SYSTEM32\dbgcore.DLL
0x00007ffba0020000 - 0x00007ffba00c5000 	C:\Windows\System32\bcryptPrimitives.dll
0x00007ffb83c20000 - 0x00007ffb83c2f000 	c:\Users\Bonif\.vscode\extensions\redhat.java-1.53.0-win32-x64\jre\21.0.10-win32-x86_64\bin\instrument.dll
0x00007ffb75b30000 - 0x00007ffb75b50000 	c:\Users\Bonif\.vscode\extensions\redhat.java-1.53.0-win32-x64\jre\21.0.10-win32-x86_64\bin\java.dll
0x00007ffba1d90000 - 0x00007ffba24ef000 	C:\Windows\System32\SHELL32.dll
0x00007ffba0f70000 - 0x00007ffba10da000 	C:\Windows\System32\wintypes.dll
0x00007ffba0420000 - 0x00007ffba0c84000 	C:\Windows\System32\windows.storage.dll
0x00007ffba2f80000 - 0x00007ffba3077000 	C:\Windows\System32\SHCORE.dll
0x00007ffba2940000 - 0x00007ffba29a7000 	C:\Windows\System32\shlwapi.dll
0x00007ffb9fb40000 - 0x00007ffb9fb69000 	C:\Windows\SYSTEM32\profapi.dll
0x00007ffb75b10000 - 0x00007ffb75b28000 	c:\Users\Bonif\.vscode\extensions\redhat.java-1.53.0-win32-x64\jre\21.0.10-win32-x86_64\bin\zip.dll
0x00007ffb78380000 - 0x00007ffb78390000 	C:\Users\Bonif\.vscode\extensions\redhat.java-1.53.0-win32-x64\jre\21.0.10-win32-x86_64\bin\net.dll
0x00007ffb8ef80000 - 0x00007ffb8f0a7000 	C:\Windows\SYSTEM32\WINHTTP.dll
0x00007ffb9eec0000 - 0x00007ffb9ef2b000 	C:\Windows\system32\mswsock.dll
0x00007ffb75700000 - 0x00007ffb75716000 	C:\Users\Bonif\.vscode\extensions\redhat.java-1.53.0-win32-x64\jre\21.0.10-win32-x86_64\bin\nio.dll
0x00007ffb78100000 - 0x00007ffb78110000 	c:\Users\Bonif\.vscode\extensions\redhat.java-1.53.0-win32-x64\jre\21.0.10-win32-x86_64\bin\verify.dll
0x00007ffb52e50000 - 0x00007ffb52e95000 	C:\Users\Bonif\AppData\Roaming\Code\User\globalStorage\redhat.java\1.53.0\config_win\org.eclipse.equinox.launcher\org.eclipse.equinox.launcher.win32.win32.x86_64_1.3.0.v20260203-2149\eclipse_11919.dll
0x00007ffba2500000 - 0x00007ffba2695000 	C:\Windows\System32\ole32.dll
0x00007ffb9f2c0000 - 0x00007ffb9f2db000 	C:\Windows\SYSTEM32\CRYPTSP.dll
0x00007ffb9e8d0000 - 0x00007ffb9e909000 	C:\Windows\system32\rsaenh.dll
0x00007ffb9ef70000 - 0x00007ffb9efa2000 	C:\Windows\SYSTEM32\USERENV.dll
0x00007ffb9fb10000 - 0x00007ffb9fb3a000 	C:\Windows\SYSTEM32\bcrypt.dll
0x00007ffb9f120000 - 0x00007ffb9f12c000 	C:\Windows\SYSTEM32\CRYPTBASE.dll
0x00007ffb9e330000 - 0x00007ffb9e363000 	C:\Windows\SYSTEM32\IPHLPAPI.DLL
0x00007ffba1360000 - 0x00007ffba136a000 	C:\Windows\System32\NSI.dll
0x00007ffb8c8d0000 - 0x00007ffb8c919000 	C:\Users\Bonif\AppData\Local\Temp\jna-64368254\jna6844373117155239049.dll
0x00007ffba2850000 - 0x00007ffba2858000 	C:\Windows\System32\PSAPI.DLL

JVMTI agents:
c:\Users\Bonif\.vscode\extensions\redhat.java-1.53.0-win32-x64\lombok\lombok-1.18.39-4050.jar path:c:\Users\Bonif\.vscode\extensions\redhat.java-1.53.0-win32-x64\jre\21.0.10-win32-x86_64\bin\instrument.dll, loaded, initialized, instrumentlib options:none

dbghelp: loaded successfully - version: 4.0.5 - missing functions: none
symbol engine: initialized successfully - sym options: 0x614 - pdb path: .;c:\Users\Bonif\.vscode\extensions\redhat.java-1.53.0-win32-x64\jre\21.0.10-win32-x86_64\bin;C:\Windows\SYSTEM32;C:\Windows\WinSxS\amd64_microsoft.windows.common-controls_6595b64144ccf1df_6.0.26100.8037_none_3e092faae333b53b;c:\Users\Bonif\.vscode\extensions\redhat.java-1.53.0-win32-x64\jre\21.0.10-win32-x86_64\bin\server;C:\Users\Bonif\AppData\Roaming\Code\User\globalStorage\redhat.java\1.53.0\config_win\org.eclipse.equinox.launcher\org.eclipse.equinox.launcher.win32.win32.x86_64_1.3.0.v20260203-2149;C:\Users\Bonif\AppData\Local\Temp\jna-64368254

VM Arguments:
jvm_args: --add-modules=ALL-SYSTEM --add-opens=java.base/java.util=ALL-UNNAMED --add-opens=java.base/java.lang=ALL-UNNAMED --add-opens=java.base/sun.nio.fs=ALL-UNNAMED -Declipse.application=org.eclipse.jdt.ls.core.id1 -Dosgi.bundles.defaultStartLevel=4 -Declipse.product=org.eclipse.jdt.ls.core.product -Djava.import.generatesMetadataFilesAtProjectRoot=false -DDetectVMInstallationsJob.disabled=true -Dfile.encoding=utf8 -XX:+UseParallelGC -XX:GCTimeRatio=4 -XX:AdaptiveSizePolicyWeight=90 -Dsun.zip.disableMemoryMapping=true -Xmx2G -Xms100m -Xlog:disable -javaagent:c:\Users\Bonif\.vscode\extensions\redhat.java-1.53.0-win32-x64\lombok\lombok-1.18.39-4050.jar -XX:+HeapDumpOnOutOfMemoryError -XX:HeapDumpPath=c:\Users\Bonif\AppData\Roaming\Code\User\workspaceStorage\12aa0550ef1c9ffd060db7530da9736f\redhat.java -Daether.dependencyCollector.impl=bf 
java_command: c:\Users\Bonif\.vscode\extensions\redhat.java-1.53.0-win32-x64\server\plugins\org.eclipse.equinox.launcher_1.7.100.v20251111-0406.jar -configuration c:\Users\Bonif\AppData\Roaming\Code\User\globalStorage\redhat.java\1.53.0\config_win -data c:\Users\Bonif\AppData\Roaming\Code\User\workspaceStorage\12aa0550ef1c9ffd060db7530da9736f\redhat.java\jdt_ws --pipe=\\.\pipe\lsp-8289f3b1d0da1a66279a56364e58f363-sock
java_class_path (initial): c:\Users\Bonif\.vscode\extensions\redhat.java-1.53.0-win32-x64\server\plugins\org.eclipse.equinox.launcher_1.7.100.v20251111-0406.jar
Launcher Type: SUN_STANDARD

[Global flags]
    uintx AdaptiveSizePolicyWeight                 = 90                                        {product} {command line}
     intx CICompilerCount                          = 4                                         {product} {ergonomic}
    uintx GCTimeRatio                              = 4                                         {product} {command line}
     bool HeapDumpOnOutOfMemoryError               = true                                   {manageable} {command line}
    ccstr HeapDumpPath                             = c:\Users\Bonif\AppData\Roaming\Code\User\workspaceStorage\12aa0550ef1c9ffd060db7530da9736f\redhat.java         {manageable} {command line}
   size_t InitialHeapSize                          = 104857600                                 {product} {command line}
   size_t MaxHeapSize                              = 2147483648                                {product} {command line}
   size_t MaxNewSize                               = 715653120                                 {product} {ergonomic}
   size_t MinHeapDeltaBytes                        = 524288                                    {product} {ergonomic}
   size_t MinHeapSize                              = 104857600                                 {product} {command line}
   size_t NewSize                                  = 34603008                                  {product} {ergonomic}
    uintx NonNMethodCodeHeapSize                   = 5839372                                {pd product} {ergonomic}
    uintx NonProfiledCodeHeapSize                  = 122909434                              {pd product} {ergonomic}
   size_t OldSize                                  = 70254592                                  {product} {ergonomic}
    uintx ProfiledCodeHeapSize                     = 122909434                              {pd product} {ergonomic}
    uintx ReservedCodeCacheSize                    = 251658240                              {pd product} {ergonomic}
     bool SegmentedCodeCache                       = true                                      {product} {ergonomic}
   size_t SoftMaxHeapSize                          = 2147483648                             {manageable} {ergonomic}
     bool UseCompressedOops                        = true                           {product lp64_product} {ergonomic}
     bool UseLargePagesIndividualAllocation        = false                                  {pd product} {ergonomic}
     bool UseParallelGC                            = true                                      {product} {command line}

Logging:
Log output configuration:
 #0: stdout all=off uptime,level,tags foldmultilines=false
 #1: stderr all=off uptime,level,tags foldmultilines=false

Release file:
JAVA_VERSION="21.0.10" 
MODULES="java.base java.compiler java.datatransfer java.xml java.prefs java.desktop java.instrument java.logging java.management java.security.sasl java.naming java.rmi java.management.rmi java.net.http java.scripting java.security.jgss java.transaction.xa java.sql java.sql.rowset java.xml.crypto java.se java.smartcardio jdk.accessibility jdk.internal.jvmstat jdk.attach jdk.charsets jdk.internal.opt jdk.zipfs jdk.compiler jdk.crypto.ec jdk.crypto.cryptoki jdk.crypto.mscapi jdk.dynalink jdk.internal.ed jdk.editpad jdk.hotspot.agent jdk.httpserver jdk.internal.le jdk.internal.vm.ci jdk.internal.vm.compiler jdk.internal.vm.compiler.management jdk.jartool jdk.javadoc jdk.jcmd jdk.management jdk.management.agent jdk.jconsole jdk.jdeps jdk.jdwp.agent jdk.jdi jdk.jfr jdk.jshell jdk.jsobject jdk.jstatd jdk.localedata jdk.management.jfr jdk.naming.dns jdk.naming.rmi jdk.net jdk.nio.mapmode jdk.random jdk.sctp jdk.security.auth jdk.security.jgss jdk.unsupported jdk.unsupported.desktop jdk.xml.dom" 

Environment Variables:
JAVA_HOME=C:\Program Files\Java\jdk-17
PATH=C:\Users\Bonif\AppData\Local\Programs\Microsoft VS Code;C:\Python314\Scripts\;C:\Python314\;C:\Program Files\Common Files\Oracle\Java\javapath;C:\Python313\Scripts\;C:\Python313\;C:\Windows\system32;C:\Windows;C:\Windows\System32\Wbem;C:\Windows\System32\WindowsPowerShell\v1.0\;C:\Windows\System32\OpenSSH\;C:\Program Files\dotnet\;C:\ProgramData\chocolatey\bin;C:\Program Files\Java\jdk-17\bin;C:\Gradle\gradle-8.14.3\bin;C:\php;C:\ProgramData\ComposerSetup\bin;C:\Program Files\Microsoft SQL Server\150\Tools\Binn\;C:\Program Files\PostgreSQL\17;C:\adb\platform-tools;C:\Program Files\Docker\Docker\resources\bin;C:\Program Files\Git\cmd;C:\Program Files\nodejs\;C:\Program Files\Apache\Maven\apache-maven-3.9.14\bin;C:\Users\Bonif\AppData\Local\Microsoft\WindowsApps;C:\Users\Bonif\AppData\Local\Programs\Microsoft VS Code\bin;C:\Users\Bonif\AppData\Roaming\Composer\vendor\bin;C:\Program Files\PostgreSQL\17;C:\Program Files\JetBrains\IntelliJ IDEA 2025.2.5\bin;C:\Users\Bonif\.dotnet\tools;C:\Users\Bonif\AppData\Roaming\npm
USERNAME=Bonif
OS=Windows_NT
PROCESSOR_IDENTIFIER=Intel64 Family 6 Model 186 Stepping 3, GenuineIntel
TMP=C:\Users\Bonif\AppData\Local\Temp
TEMP=C:\Users\Bonif\AppData\Local\Temp




Periodic native trim disabled

---------------  S Y S T E M  ---------------

OS:
 Windows 11 , 64 bit Build 26100 (10.0.26100.7920)
OS uptime: 0 days 4:17 hours
Hyper-V role detected

CPU: total 12 (initial active 12) (6 cores per cpu, 2 threads per core) family 6 model 186 stepping 3 microcode 0x4128, cx8, cmov, fxsr, ht, mmx, 3dnowpref, sse, sse2, sse3, ssse3, sse4.1, sse4.2, popcnt, lzcnt, tsc, tscinvbit, avx, avx2, aes, erms, clmul, bmi1, bmi2, adx, sha, fma, vzeroupper, clflush, clflushopt, clwb, hv, serialize, rdtscp, rdpid, fsrm, f16c, cet_ibt, cet_ss
Processor Information for processor 0
  Max Mhz: 1600, Current Mhz: 1600, Mhz Limit: 1600
Processor Information for processor 1
  Max Mhz: 1600, Current Mhz: 1600, Mhz Limit: 1600
Processor Information for processor 2
  Max Mhz: 1600, Current Mhz: 1600, Mhz Limit: 1600
Processor Information for processor 3
  Max Mhz: 1600, Current Mhz: 1600, Mhz Limit: 1600
Processor Information for processor 4
  Max Mhz: 1600, Current Mhz: 1600, Mhz Limit: 1600
Processor Information for processor 5
  Max Mhz: 1600, Current Mhz: 1600, Mhz Limit: 1600
Processor Information for processor 6
  Max Mhz: 1600, Current Mhz: 1600, Mhz Limit: 1600
Processor Information for processor 7
  Max Mhz: 1600, Current Mhz: 1466, Mhz Limit: 1600
Processor Information for processor 8
  Max Mhz: 1600, Current Mhz: 1600, Mhz Limit: 1600
Processor Information for processor 9
  Max Mhz: 1600, Current Mhz: 1600, Mhz Limit: 1600
Processor Information for processor 10
  Max Mhz: 1600, Current Mhz: 1600, Mhz Limit: 1600
Processor Information for processor 11
  Max Mhz: 1600, Current Mhz: 1600, Mhz Limit: 1600

Memory: 4k page, system-wide physical 7876M (519M free)
TotalPageFile size 22512M (AvailPageFile size 15M)
current process WorkingSet (physical memory assigned to process): 161M, peak: 161M
current process commit charge ("private bytes"): 295M, peak: 296M

vm_info: OpenJDK 64-Bit Server VM (21.0.10+7-LTS) for windows-amd64 JRE (21.0.10+7-LTS), built on 2026-01-20T00:00:00Z by "admin" with MS VC++ 17.12 (VS2022)

END.
